app/proguard-gradle-repackage.txt
-repackageclasses atakplugin.Signed-PAR-Timer