app/build/outputs/mapping/norRelease/mapping.txt
# compiler: R8
# compiler_version: 4.0.52
# min_api: 24
# common_typos_disable
# {"id":"com.android.tools.r8.mapping","version":"2.1"}
# pg_map_id: 0c94a25
# pg_map_hash: SHA-256 0c94a254aed501757c49649a729d484ddb63e7471ed1ead79118f166040d85df
com.aitech.atak.AnyaPlugin.plugin.AnyaPluginPreferenceFragment -> atakplugin.AnyaPlugin-main.g:
    android.content.Context staticPluginContext -> b
    android.os.Handler handler -> a
    java.lang.String TAG -> c
    1:2:void <init>():28:29 -> <init>
    3:5:void <init>(android.content.Context):34:36 -> <init>
    boolean $r8$lambda$YSUXm8-KR9aLB9xQlj3Jt4fZilo(android.preference.Preference,java.lang.Object) -> a
      # {"id":"com.android.tools.r8.synthesized"}
    1:2:boolean lambda$onCreate$0(android.preference.Preference,java.lang.Object):46:46 -> b
    3:8:boolean lambda$onCreate$0(android.preference.Preference,java.lang.Object):47:47 -> b
    9:14:boolean lambda$onCreate$0(android.preference.Preference,java.lang.Object):48:48 -> b
    15:17:boolean lambda$onCreate$0(android.preference.Preference,java.lang.Object):49:49 -> b
    18:20:boolean lambda$onCreate$0(android.preference.Preference,java.lang.Object):50:50 -> b
    21:44:boolean lambda$onCreate$0(android.preference.Preference,java.lang.Object):52:52 -> b
    0:65535:void show(android.preference.PreferenceFragment):58:58 -> c
    1:7:void onCreate(android.os.Bundle):41:41 -> onCreate
    8:12:void onCreate(android.os.Bundle):42:42 -> onCreate
    13:25:void onCreate(android.os.Bundle):45:45 -> onCreate
com.aitech.atak.AnyaPlugin.plugin.AnyaPluginPreferenceFragment$$ExternalSyntheticLambda0 -> atakplugin.AnyaPlugin-main.f:
# {"id":"sourceFile","fileName":"R8$$SyntheticClass"}
# {"id":"com.android.tools.r8.synthesized"}
    void com.aitech.atak.AnyaPlugin.plugin.AnyaPluginPreferenceFragment$$InternalSyntheticLambda$1$1061b61306e8bb82c52e59c2320571a60de2a35982fcbfdf14294918b55a98fd$0.<init>() -> <init>
      # {"id":"com.android.tools.r8.synthesized"}
    boolean com.aitech.atak.AnyaPlugin.plugin.AnyaPluginPreferenceFragment$$InternalSyntheticLambda$1$1061b61306e8bb82c52e59c2320571a60de2a35982fcbfdf14294918b55a98fd$0.onPreferenceChange(android.preference.Preference,java.lang.Object) -> onPreferenceChange
      # {"id":"com.android.tools.r8.synthesized"}
com.aitech.atak.AnyaPlugin.plugin.BuildConfig -> atakplugin.AnyaPlugin-main.i:
    java.lang.String ATAK_PACKAGE_NAME -> g
    java.lang.String VERSION_NAME -> f
    int VERSION_CODE -> e
    boolean DEBUG -> a
    java.lang.String BUILD_TYPE -> c
    java.lang.String APPLICATION_ID -> b
    java.lang.String FLAVOR -> d
    0:65535:void <init>():6:6 -> <init>
com.aitech.atak.AnyaPlugin.plugin.PluginNativeLoader -> atakplugin.AnyaPlugin-main.j:
    java.lang.String TAG -> a
    java.lang.String ndl -> b
    0:65535:void <init>():10:10 -> <init>
    4:7:void init(android.content.Context):22:22 -> a
    8:11:void init(android.content.Context):24:24 -> a
    12:25:void init(android.content.Context):25:25 -> a
    26:33:void init(android.content.Context):28:28 -> a
    34:38:void init(android.content.Context):33:33 -> a
    1:4:void loadLibrary(java.lang.String):43:43 -> b
    5:19:void loadLibrary(java.lang.String):44:44 -> b
    20:30:void loadLibrary(java.lang.String):45:45 -> b
    31:41:void loadLibrary(java.lang.String):46:46 -> b
    42:45:void loadLibrary(java.lang.String):47:47 -> b
    46:53:void loadLibrary(java.lang.String):50:50 -> b
com.aitech.atak.AnyaPlugin.plugin.PluginTemplateLifecycle -> com.aitech.atak.AnyaPlugin.plugin.PluginTemplateLifecycle:
    1:1:void <init>():14:14 -> <init>
    2:2:void <init>(gov.tak.api.plugin.IServiceController):18:18 -> <init>
    3:3:void <init>(gov.tak.api.plugin.IServiceController):24:24 -> <init>
    4:5:void <init>(gov.tak.api.plugin.IServiceController):26:27 -> <init>
    6:6:void <init>(gov.tak.api.plugin.IServiceController):29:29 -> <init>
    7:7:void <init>(gov.tak.api.plugin.IServiceController):32:32 -> <init>
com.aitech.atak.AnyaPlugin.plugin.R -> atakplugin.AnyaPlugin-main.k:
com.aitech.atak.AnyaPlugin.plugin.R$array -> atakplugin.AnyaPlugin-main.k$a:
com.aitech.atak.AnyaPlugin.plugin.R$color -> atakplugin.AnyaPlugin-main.k$b:
...
com.aitech.atak.AnyaPlugin.AnyaPluginComponent -> atakplugin.AnyaPlugin-main.d:
    android.content.Context pluginContext -> a
    android.content.BroadcastReceiver broadcastReceiver -> k
    boolean isRunning -> i
    android.widget.RelativeLayout mapParent -> c
    long elapsedTime -> h
    long startTime -> g
    com.atakmap.android.maps.MapView mapView -> j
    com.aitech.atak.AnyaPlugin.plugin.AnyaPluginPreferenceFragment preferenceFragment -> l
    java.lang.String TAG -> s
    gov.tak.api.ui.IHostUIService uiService -> p
    java.lang.String TOGGLE_OVERLAY_VIEW -> t
    android.os.Handler handler -> e
    gov.tak.api.plugin.IServiceController serviceController -> q
    android.widget.TextView timerTextView -> d
    java.lang.Runnable runnable -> f
    android.content.SharedPreferences sharedPref -> n
    android.view.View overlayView -> b
    gov.tak.api.ui.ToolbarItem toolbarItem -> o
    int timerLength -> r
    android.content.BroadcastReceiver openPreferencesReceiver -> m
    1:5:void <init>(gov.tak.api.plugin.IServiceController):64:64 -> <init>
    6:7:void <init>(gov.tak.api.plugin.IServiceController):68:68 -> <init>
    8:18:void <init>(gov.tak.api.plugin.IServiceController):69:69 -> <init>
    19:26:void <init>(gov.tak.api.plugin.IServiceController):70:70 -> <init>
    27:34:void <init>(gov.tak.api.plugin.IServiceController):66:66 -> <init>
com.aitech.atak.AnyaPlugin.AnyaPluginComponent$$ExternalSyntheticApiModelOutline0 -> atakplugin.AnyaPlugin-main.a:
# {"id":"sourceFile","fileName":"R8$$SyntheticClass"}
# {"id":"com.android.tools.r8.synthesized"}
    android.content.Intent com.aitech.atak.AnyaPlugin.AnyaPluginComponent$$InternalSyntheticApiModelOutline$1$86609c361ed33e5a354986814bb733afd3ffbd6eb19342b40ab2d14a37f11684$1.m(android.content.Context,android.content.BroadcastReceiver,android.content.IntentFilter,int) -> a
      # {"id":"com.android.tools.r8.synthesized"}
com.aitech.atak.AnyaPlugin.AnyaPluginComponent$$ExternalSyntheticLambda1 -> atakplugin.AnyaPlugin-main.b:
# {"id":"sourceFile","fileName":"R8$$SyntheticClass"}
# {"id":"com.android.tools.r8.synthesized"}
    com.aitech.atak.AnyaPlugin.AnyaPluginComponent com.aitech.atak.AnyaPlugin.AnyaPluginComponent$$InternalSyntheticLambda$1$86609c361ed33e5a354986814bb733afd3ffbd6eb19342b40ab2d14a37f11684$0.f$0 -> a
    void com.aitech.atak.AnyaPlugin.AnyaPluginComponent$$InternalSyntheticLambda$1$86609c361ed33e5a354986814bb733afd3ffbd6eb19342b40ab2d14a37f11684$0.<init>(com.aitech.atak.AnyaPlugin.AnyaPluginComponent) -> <init>
      # {"id":"com.android.tools.r8.synthesized"}
    void com.aitech.atak.AnyaPlugin.AnyaPluginComponent$$InternalSyntheticLambda$1$86609c361ed33e5a354986814bb733afd3ffbd6eb19342b40ab2d14a37f11684$0.onSharedPreferenceChanged(android.content.SharedPreferences,java.lang.String) -> onSharedPreferenceChanged
      # {"id":"com.android.tools.r8.synthesized"}
com.aitech.atak.AnyaPlugin.AnyaPluginComponent$$ExternalSyntheticLambda2 -> atakplugin.AnyaPlugin-main.c:
# {"id":"sourceFile","fileName":"R8$$SyntheticClass"}
# {"id":"com.android.tools.r8.synthesized"}
    com.aitech.atak.AnyaPlugin.AnyaPluginComponent com.aitech.atak.AnyaPlugin.AnyaPluginComponent$$InternalSyntheticLambda$1$f914afbaa2781e0b1dd350deba9d60c43996469d4b2b12dd53bba489bd69dfc9$0.f$0 -> a
    void com.aitech.atak.AnyaPlugin.AnyaPluginComponent$$InternalSyntheticLambda$1$f914afbaa2781e0b1dd350deba9d60c43996469d4b2b12dd53bba489bd69dfc9$0.<init>(com.aitech.atak.AnyaPlugin.AnyaPluginComponent) -> <init>
      # {"id":"com.android.tools.r8.synthesized"}
    void com.aitech.atak.AnyaPlugin.AnyaPluginComponent$$InternalSyntheticLambda$1$f914afbaa2781e0b1dd350deba9d60c43996469d4b2b12dd53bba489bd69dfc9$0.onSharedPreferenceChanged(android.content.SharedPreferences,java.lang.String) -> onSharedPreferenceChanged
      # {"id":"com.android.tools.r8.synthesized"}